<?xml version="1.0" encoding="UTF-8"?>
<!-- Generated by org.testng.reporters.JUnitXMLReporter -->
<testsuite ignored="0" hostname="LAPTOP-SHILPA" failures="0" tests="3" name="testNGPractice-chrome" time="8.451" errors="0" timestamp="2022-07-28T00:27:11 EDT">
  <testcase classname="testNGPractice.GoogleTest" name="googleLogoTest" time="0.04"/>
  <testcase classname="testNGPractice.GoogleTest" name="googleTitleTest" time="0.005"/>
  <testcase classname="testNGPractice.GoogleTest" name="mailLinkTest" time="0.023"/>
</testsuite> <!-- testNGPractice-chrome -->
