<?xml version="1.0" encoding="UTF-8"?>
<!-- Generated by org.testng.reporters.JUnitXMLReporter -->
<testsuite ignored="0" hostname="LAPTOP-SHILPA" failures="2" tests="25" name="testNGPractice" time="42.784" errors="0" timestamp="2022-07-17T02:14:15 EDT">
  <testcase classname="testNGPractice.GoogleTest" name="googleLogoTest" time="0.093"/>
  <testcase classname="testNGPractice.GoogleTest" name="googleTitleTest" time="0.01"/>
  <testcase classname="testNGPractice.GoogleTest" name="mailLinkTest" time="0.055"/>
  <testcase classname="testNGPractice.TestNG_Basics_Annotations" name="googleTitleTest" time="0.001"/>
  <testcase classname="testNGPractice.TestNG_Basics_Annotations" name="searchTest" time="0.001"/>
  <testcase classname="testNGPractice.TestNG_Features_Dependenci" name="loginTest" time="0.001"/>
  <testcase classname="testNGPractice.TestNG_Features_Dependenci" name="homePageTest" time="0.001"/>
  <testcase classname="testNGPractice.TestNG_Depend_failed" name="loginTest" time="0.0">
    <failure type="java.lang.ArithmeticException" message="/ by zero">
      <![CDATA[java.lang.ArithmeticException: / by zero
at testNGPractice.TestNG_Depend_failed.loginTest(TestNG_Depend_failed.java:9)
at java.base/java.util.ArrayList.forEach(ArrayList.java:1511)
... Removed 27 stack frames]]>
    </failure>
  </testcase> <!-- loginTest -->
  <testcase classname="testNGPractice.TestNG_Depend_failed" name="homePageTest" time="0.0">
    <skipped/>
  </testcase> <!-- homePageTest -->
  <testcase classname="testNGPractice.TestNG_Depend_failed" name="searchPageTest" time="0.0">
    <skipped/>
  </testcase> <!-- searchPageTest -->
  <testcase classname="testNGPractice.TestNG_Priority_Groups" name="googleTitleTest" time="0.009"/>
  <testcase classname="testNGPractice.TestNG_Priority_Groups" name="mailLinkTest" time="0.035"/>
  <testcase classname="testNGPractice.TestNG_Priority_Groups" name="googleLogoTest" time="0.065"/>
  <testcase classname="testNGPractice.TestNG_Priority_Groups" name="test1" time="0.001"/>
  <testcase classname="testNGPractice.TestNG_Priority_Groups" name="test2" time="0.003"/>
  <testcase classname="testNGPractice.TestNG_Priority_Groups" name="test3" time="0.002"/>
  <testcase classname="testNGPractice.TestNG_Asserts" name="googleLogoTest" time="0.068"/>
  <testcase classname="testNGPractice.TestNG_Asserts" name="googleTitleTest" time="0.01"/>
  <testcase classname="testNGPractice.TestNG_Asserts" name="mailLinkTest" time="0.038"/>
  <testcase classname="testNGPractice.TestNG_InvocationCount" name="sum" time="0.001"/>
  <testcase classname="testNGPractice.TestNG_InvocationCount" name="sum" time="0.001"/>
  <testcase classname="testNGPractice.TestNG_InvocationCount" name="sum" time="0.001"/>
  <testcase classname="testNGPractice.TestNG_InvocationCount" name="sum" time="0.001"/>
  <testcase classname="testNGPractice.TestNG_InvocationCount" name="sum" time="0.001"/>
  <testcase classname="testNGPractice.TestNG_Exceptions" name="Test1" time="0.0">
    <failure type="java.lang.NumberFormatException" message="For input string: &amp;quot;100A&amp;quot;">
      <![CDATA[java.lang.NumberFormatException: For input string: "100A"
at java.base/java.lang.NumberFormatException.forInputString(NumberFormatException.java:67)
at java.base/java.lang.Integer.parseInt(Integer.java:668)
at java.base/java.lang.Integer.parseInt(Integer.java:786)
at testNGPractice.TestNG_Exceptions.Test1(TestNG_Exceptions.java:11)
at java.base/java.util.ArrayList.forEach(ArrayList.java:1511)
... Removed 27 stack frames]]>
    </failure>
  </testcase> <!-- Test1 -->
</testsuite> <!-- testNGPractice -->
