<?xml version="1.0" encoding="UTF-8"?>
<!-- Generated by org.testng.reporters.JUnitXMLReporter -->
<testsuite ignored="0" hostname="LAPTOP-SHILPA" failures="0" tests="3" name="testNGPractice-edge" time="6.739" errors="0" timestamp="2022-07-28T00:27:30 EDT">
  <testcase classname="testNGPractice.GoogleTest" name="googleLogoTest" time="0.025"/>
  <testcase classname="testNGPractice.GoogleTest" name="googleTitleTest" time="0.009"/>
  <testcase classname="testNGPractice.GoogleTest" name="mailLinkTest" time="0.02"/>
</testsuite> <!-- testNGPractice-edge -->
