<?xml version="1.0" encoding="UTF-8"?>
<!-- Generated by org.testng.reporters.JUnitXMLReporter -->
<testsuite ignored="0" hostname="LAPTOP-SHILPA" failures="0" tests="3" name="googleTitleTest" time="7.455" errors="0" timestamp="2022-07-15T19:38:35 EDT">
  <testcase classname="testNGPractice.GoogleTest" name="googleLogoTest" time="0.037"/>
  <testcase classname="testNGPractice.GoogleTest" name="googleTitleTest" time="0.006"/>
  <testcase classname="testNGPractice.GoogleTest" name="mailLinkTest" time="0.022"/>
</testsuite> <!-- googleTitleTest -->
