<?xml version="1.0" encoding="UTF-8"?>
<!-- Generated by org.testng.reporters.JUnitXMLReporter -->
<testsuite ignored="0" hostname="LAPTOP-SHILPA" failures="0" tests="11" name="RegressionPracticeTest1" time="8.716" errors="0" timestamp="2022-07-15T19:50:48 EDT">
  <testcase classname="testNGlearn.Test_NG_1" name="f" time="0.004"/>
  <testcase classname="testNGlearn.Test_NG_1" name="f1" time="0.001"/>
  <testcase classname="testNGlearn.Test_NG_2" name="f" time="0.001"/>
  <testcase classname="testNGlearn.Test_NG_BA_Mthod" name="f" time="0.001"/>
  <testcase classname="testNGlearn.Test_NG_BA_Mthod" name="testCase1" time="0.001"/>
  <testcase classname="testNGPractice.GoogleTest" name="googleLogoTest" time="0.037"/>
  <testcase classname="testNGPractice.GoogleTest" name="googleTitleTest" time="0.007"/>
  <testcase classname="testNGPractice.GoogleTest" name="mailLinkTest" time="0.023"/>
  <testcase classname="testNGlearn.Test_NG_MixedMthod" name="f" time="0.001"/>
  <testcase classname="testNGPractice.TestNG_Basics" name="googleTitleTest" time="0.001"/>
  <testcase classname="testNGPractice.TestNG_Basics" name="searchTest" time="0.001"/>
</testsuite> <!-- RegressionPracticeTest1 -->
