<?xml version="1.0" encoding="UTF-8"?>
<testng-results ignored="0" total="1" passed="1" failed="0" skipped="0">
  <reporter-output>
  </reporter-output>
  <suite started-at="2022-08-16T16:41:08 EDT" name="Default suite" finished-at="2022-08-16T16:41:09 EDT" duration-ms="373">
    <groups>
    </groups>
    <test started-at="2022-08-16T16:41:08 EDT" name="Default test" finished-at="2022-08-16T16:41:09 EDT" duration-ms="373">
      <class name="extentReports.demoExtentReport">
        <test-method signature="logintest()[pri:0, instance:extentReports.demoExtentReport@5acf93bb]" started-at="2022-08-16T16:41:08 EDT" name="logintest" finished-at="2022-08-16T16:41:09 EDT" duration-ms="345" status="PASS">
          <reporter-output>
          </reporter-output>
        </test-method> <!-- logintest -->
      </class> <!-- extentReports.demoExtentReport -->
    </test> <!-- Default test -->
  </suite> <!-- Default suite -->
</testng-results>
