<?xml version="1.0" encoding="UTF-8"?>
<!-- Generated by org.testng.reporters.JUnitXMLReporter -->
<testsuite ignored="0" hostname="LAPTOP-SHILPA" failures="0" tests="4" name="RegressionPractice" time="0.049" errors="0" timestamp="2022-07-14T01:10:44 EDT">
  <testcase classname="testNGlearn.Test_NG_1" name="f" time="0.011"/>
  <testcase classname="testNGlearn.Test_NG_1" name="f1" time="0.001"/>
  <testcase classname="testNGlearn.Test_NG_1" name="f2" time="0.0"/>
  <testcase classname="testNGlearn.Test_NG_2" name="f" time="0.001"/>
</testsuite> <!-- RegressionPractice -->
