<?xml version="1.0" encoding="UTF-8"?>
<!-- Generated by org.testng.reporters.JUnitXMLReporter -->
<testsuite ignored="0" hostname="LAPTOP-SHILPA" failures="0" tests="5" name="RegressionPracticeTest" time="0.055" errors="0" timestamp="2022-07-15T09:56:13 EDT">
  <testcase classname="testNGlearn.Test_NG_1" name="f" time="0.006"/>
  <testcase classname="testNGlearn.Test_NG_1" name="f1" time="0.001"/>
  <testcase classname="testNGlearn.Test_NG_2" name="f" time="0.001"/>
  <testcase classname="testNGlearn.Test_NG_BA_Mthod" name="f" time="0.0"/>
  <testcase classname="testNGlearn.Test_NG_BA_Mthod" name="testCase1" time="0.001"/>
</testsuite> <!-- RegressionPracticeTest -->
